<!DOCTYPE html PUBLIC "-//W3C//DTD XHTML 1.1//EN" "http://www.w3.org/TR/xhtml11/DTD/xhtml11.dtd">
<html xmlns="http://www.w3.org/1999/xhtml"><head><title>TestNG Report</title><style type="text/css">table {margin-bottom:10px;border-collapse:collapse;empty-cells:show}th,td {border:1px solid #009;padding:.25em .5em}th {vertical-align:bottom}td {vertical-align:top}table a {font-weight:bold}.stripe td {background-color: #E6EBF9}.num {text-align:right}.passedodd td {background-color: #3F3}.passedeven td {background-color: #0A0}.skippedodd td {background-color: #DDD}.skippedeven td {background-color: #CCC}.failedodd td,.attn {background-color: #F33}.failedeven td,.stripe .attn {background-color: #D00}.stacktrace {white-space:pre;font-family:monospace}.totop {font-size:85%;text-align:center;border-bottom:2px solid #000}</style></head><body><table><tr><th>Test</th><th># Passed</th><th># Skipped</th><th># Failed</th><th>Time (ms)</th><th>Included Groups</th><th>Excluded Groups</th></tr><tr><th colspan="7">My Sample Suite</th></tr><tr><td><a href="#t0">Test 1</a></td><td class="num">1</td><td class="num">0</td><td class="num">0</td><td class="num">28,317</td><td></td><td></td></tr><tr class="stripe"><td><a href="#t1">Test 2</a></td><td class="num">0</td><td class="num">0</td><td class="num attn">1</td><td class="num">15,169</td><td></td><td></td></tr><tr><td><a href="#t2">Test 3</a></td><td class="num">0</td><td class="num">0</td><td class="num attn">1</td><td class="num">10,697</td><td></td><td></td></tr><tr><th>Total</th><th class="num">1</th><th class="num">0</th><th class="num attn">2</th><th class="num">54,183</th><th colspan="2"></th></tr></table><table><thead><tr><th>Class</th><th>Method</th><th>Start</th><th>Time (ms)</th></tr></thead><tbody><tr><th colspan="4">My Sample Suite</th></tr></tbody><tbody id="t0"><tr><th colspan="4">Test 1 &#8212; passed</th></tr><tr class="passedeven"><td rowspan="1">com.sweety.testcases.VerifyLogin</td><td><a href="#m0">verifyLogin</a></td><td rowspan="1">1439210038847</td><td rowspan="1">27505</td></tr></tbody><tbody id="t1"><tr><th colspan="4">Test 2 &#8212; failed</th></tr><tr class="failedeven"><td rowspan="1">com.sweety.testcases.VerifySubmenus</td><td><a href="#m1">verifySubmenus</a></td><td rowspan="1">1439210066372</td><td rowspan="1">15153</td></tr></tbody><tbody id="t2"><tr><th colspan="4">Test 3 &#8212; failed</th></tr><tr class="failedeven"><td rowspan="1">com.sweety.testcases.AddNewlevel</td><td><a href="#m2">verifyAddNewlevel</a></td><td rowspan="1">1439210081549</td><td rowspan="1">10689</td></tr></tbody></table><h2>Test 1</h2><h3 id="m0">com.sweety.testcases.VerifyLogin#verifyLogin</h3><table class="result"><tr class="param"><th>Parameter #1</th></tr><tr class="param stripe"><td>{RunMode=Y}</td></tr></table><p class="totop"><a href="#summary">back to summary</a></p><h2>Test 2</h2><h3 id="m1">com.sweety.testcases.VerifySubmenus#verifySubmenus</h3><table class="result"><tr class="param"><th>Parameter #1</th></tr><tr class="param stripe"><td>{RunMode=Y}</td></tr><tr><th>Exception</th></tr><tr><td><div class="stacktrace">java.lang.Throwable: Multiple failures (2):nnFailure 1 of 2:njava.lang.AssertionError: expected [Level Reports] but found [Level Entries]
	at com.sweety.util.Keywords.assertEquals(Keywords.java:946)
	at com.sweety.util.Keywords.executeKeywords(Keywords.java:152)
	at com.sweety.testcases.VerifySubmenus.verifySubmenus(VerifySubmenus.java:35)
nnFailure 2 of 2:njava.lang.AssertionError: Fail
	at com.sweety.util.Keywords.executeKeywords(Keywords.java:212)
	at com.sweety.testcases.VerifySubmenus.verifySubmenus(VerifySubmenus.java:35)
... Removed 60 stack frames</div></td></tr></table><p class="totop"><a href="#summary">back to summary</a></p><h2>Test 3</h2><h3 id="m2">com.sweety.testcases.AddNewlevel#verifyAddNewlevel</h3><table class="result"><tr class="param"><th>Parameter #1</th></tr><tr class="param stripe"><td>{Entry=123, RunMode=Y, date=15, min=18, sec=00, year=2015, month=09}</td></tr><tr><th>Exception</th></tr><tr><td><div class="stacktrace">java.lang.Throwable: Multiple failures (2):nnFailure 1 of 2:norg.openqa.selenium.NoSuchElementException: Unable to locate element: {&quot;method&quot;:&quot;id&quot;,&quot;selector&quot;:&quot;user_email&quot;}
Command duration or timeout: 10.51 seconds
For documentation on this error, please visit: http://seleniumhq.org/exceptions/no_such_element.html
Build info: version: &apos;2.46.0&apos;, revision: &apos;61506a4624b13675f24581e453592342b7485d71&apos;, time: &apos;2015-06-04 10:22:50&apos;
System info: host: &apos;tandl-10&apos;, ip: &apos;172.30.66.121&apos;, os.name: &apos;Windows Vista&apos;, os.arch: &apos;x86&apos;, os.version: &apos;6.0&apos;, java.version: &apos;1.8.0_45&apos;
Driver info: org.openqa.selenium.firefox.FirefoxDriver
Capabilities [{applicationCacheEnabled=true, rotatable=false, handlesAlerts=true, databaseEnabled=true, version=39.0.3, platform=WINDOWS, nativeEvents=false, acceptSslCerts=true, webStorageEnabled=true, locationContextEnabled=true, browserName=firefox, takesScreenshot=true, javascriptEnabled=true, cssSelectorsEnabled=true}]
Session ID: a5217a20-df96-4a10-86c4-5efe05809a3a
*** Element info: {Using=id, value=user_email}
	at org.openqa.selenium.remote.ErrorHandler.createThrowable(ErrorHandler.java:204)
	at org.openqa.selenium.remote.ErrorHandler.throwIfResponseFailed(ErrorHandler.java:156)
	at org.openqa.selenium.remote.RemoteWebDriver.execute(RemoteWebDriver.java:605)
	at org.openqa.selenium.remote.RemoteWebDriver.findElement(RemoteWebDriver.java:358)
	at org.openqa.selenium.remote.RemoteWebDriver.findElementById(RemoteWebDriver.java:399)
	at org.openqa.selenium.By$ById.findElement(By.java:215)
	at org.openqa.selenium.remote.RemoteWebDriver.findElement(RemoteWebDriver.java:350)
	at com.sweety.util.Keywords.inputfromConfigurations(Keywords.java:507)
	at com.sweety.util.Keywords.executeKeywords(Keywords.java:133)
	at com.sweety.testcases.AddNewlevel.verifyAddNewlevel(AddNewlevel.java:35)
Caused by: org.openqa.selenium.NoSuchElementException: Unable to locate element: {&quot;method&quot;:&quot;id&quot;,&quot;selector&quot;:&quot;user_email&quot;}
For documentation on this error, please visit: http://seleniumhq.org/exceptions/no_such_element.html
Build info: version: &apos;2.46.0&apos;, revision: &apos;61506a4624b13675f24581e453592342b7485d71&apos;, time: &apos;2015-06-04 10:22:50&apos;
System info: host: &apos;tandl-10&apos;, ip: &apos;172.30.66.121&apos;, os.name: &apos;Windows Vista&apos;, os.arch: &apos;x86&apos;, os.version: &apos;6.0&apos;, java.version: &apos;1.8.0_45&apos;
Driver info: driver.version: unknown
	at &lt;anonymous class&gt;.FirefoxDriver.prototype.findElementInternal_(file:///C:/Users/avudurir/AppData/Local/Temp/anonymous304712639131523172webdriver-profile/extensions/fxdriver@googlecode.com/components/driver-component.js:10299)
	at &lt;anonymous class&gt;.fxdriver.Timer.prototype.setTimeout/&lt;.notify(file:///C:/Users/avudurir/AppData/Local/Temp/anonymous304712639131523172webdriver-profile/extensions/fxdriver@googlecode.com/components/driver-component.js:603)
nnFailure 2 of 2:njava.lang.AssertionError: Fail
	at com.sweety.util.Keywords.executeKeywords(Keywords.java:212)
	at com.sweety.testcases.AddNewlevel.verifyAddNewlevel(AddNewlevel.java:35)
... Removed 59 stack frames</div></td></tr></table><p class="totop"><a href="#summary">back to summary</a></p></body></html>